<?xml version="1.0" encoding="UTF-8"?>
<!-- Generated by org.testng.reporters.JUnitReportReporter -->
<testsuite hostname="DESKTOP-QEC3EIB" failures="0" tests="2" name="testCases.ErrorTestScenarios_LoginPage" time="33.620" errors="0" timestamp="2025-07-15T20:24:36 IST" skipped="1">
  <testcase classname="testCases.ErrorTestScenarios_LoginPage" name="loginWithLockedUser" time="33.620"/>
  <testcase classname="testCases.ErrorTestScenarios_LoginPage" name="loginWithLockedUserFailureTest">
    <skipped/>
  </testcase> <!-- loginWithLockedUserFailureTest -->
</testsuite> <!-- testCases.ErrorTestScenarios_LoginPage -->
