<?xml version="1.0" encoding="UTF-8"?>
<!-- Generated by org.testng.reporters.JUnitReportReporter -->
<testsuite hostname="DESKTOP-QEC3EIB" failures="0" tests="5" name="testCases.LoginLogoutEndToEnd_TestCases" time="2.537" errors="0" timestamp="2025-07-15T20:24:36 IST" skipped="0">
  <testcase classname="testCases.LoginLogoutEndToEnd_TestCases" name="loginToApplication" time="1.398"/>
  <testcase classname="testCases.LoginLogoutEndToEnd_TestCases" name="verifyProductPageTitle" time="0.081"/>
  <testcase classname="testCases.LoginLogoutEndToEnd_TestCases" name="verifyDowndownValuesOfSortOnProductsPage" time="0.286"/>
  <testcase classname="testCases.LoginLogoutEndToEnd_TestCases" name="selectDowndownValues" time="0.342"/>
  <testcase classname="testCases.LoginLogoutEndToEnd_TestCases" name="logoutFromoApplication" time="0.430"/>
</testsuite> <!-- testCases.LoginLogoutEndToEnd_TestCases -->
